# JRE version: OpenJDK Runtime Environment (17.0.6) (build 17.0.6+0-b2043.56-9586694)
# Java VM: OpenJDK 64-Bit Server VM (17.0.6+0-b2043.56-9586694, mixed mode, tiered, compressed oops, compressed class ptrs, g1 gc, windows-amd64)
GC Precious Log:
 CPUs: 16 total, 16 available
 Memory: 14198M
 Large Page Support: Disabled
 NUMA Support: Disabled
 Compressed Oops: Enabled (32-bit)
 Heap Region Size: 1M
 Heap Min Capacity: 8M
 Heap Initial Capacity: 222M
 Heap Max Capacity: 2G
 Pre-touch: Disabled
 Parallel Workers: 13
 Concurrent Workers: 3
 Concurrent Refinement Workers: 13
 Periodic GC: Disabled
Heap:
 garbage-first heap   total 197632K, used 115098K [0x0000000080000000, 0x0000000100000000)
  region size 1024K, 56 young (57344K), 3 survivors (3072K)
 Metaspace       used 85994K, committed 86528K, reserved 1130496K
  class space    used 11597K, committed 11840K, reserved 1048576K
GC Heap History (20 events):
Event: 8.645 GC heap before
{Heap before GC invocations=30 (full 0):
 garbage-first heap   total 87040K, used 62486K [0x0000000080000000, 0x0000000100000000)
  region size 1024K, 14 young (14336K), 2 survivors (2048K)
 Metaspace       used 66566K, committed 67072K, reserved 1114112K
  class space    used 8803K, committed 9024K, reserved 1048576K
}
Event: 8.647 GC heap after
{Heap after GC invocations=31 (full 0):
 garbage-first heap   total 104448K, used 51638K [0x0000000080000000, 0x0000000100000000)
  region size 1024K, 1 young (1024K), 1 survivors (1024K)
 Metaspace       used 66566K, committed 67072K, reserved 1114112K
  class space    used 8803K, committed 9024K, reserved 1048576K
}
Event: 8.920 GC heap before
{Heap before GC invocations=32 (full 0):
 garbage-first heap   total 104448K, used 72118K [0x0000000080000000, 0x0000000100000000)
  region size 1024K, 21 young (21504K), 1 survivors (1024K)
 Metaspace       used 69933K, committed 70464K, reserved 1114112K
  class space    used 9218K, committed 9472K, reserved 1048576K
}
Event: 8.922 GC heap after
{Heap after GC invocations=33 (full 0):
 garbage-first heap   total 104448K, used 52340K [0x0000000080000000, 0x0000000100000000)
  region size 1024K, 2 young (2048K), 2 survivors (2048K)
 Metaspace       used 69933K, committed 70464K, reserved 1114112K
  class space    used 9218K, committed 9472K, reserved 1048576K
}
Event: 8.962 GC heap before
{Heap before GC invocations=33 (full 0):
 garbage-first heap   total 104448K, used 54388K [0x0000000080000000, 0x0000000100000000)
  region size 1024K, 5 young (5120K), 2 survivors (2048K)
 Metaspace       used 70177K, committed 70784K, reserved 1114112K
  class space    used 9246K, committed 9536K, reserved 1048576K
}
Event: 8.964 GC heap after
{Heap after GC invocations=34 (full 0):
 garbage-first heap   total 104448K, used 51975K [0x0000000080000000, 0x0000000100000000)
  region size 1024K, 1 young (1024K), 1 survivors (1024K)
 Metaspace       used 70177K, committed 70784K, reserved 1114112K
  class space    used 9246K, committed 9536K, reserved 1048576K
}
Event: 9.281 GC heap before
{Heap before GC invocations=34 (full 0):
 garbage-first heap   total 104448K, used 71431K [0x0000000080000000, 0x0000000100000000)
  region size 1024K, 21 young (21504K), 1 survivors (1024K)
 Metaspace       used 73259K, committed 73856K, reserved 1114112K
  class space    used 9693K, committed 9984K, reserved 1048576K
}
Event: 9.283 GC heap after
{Heap after GC invocations=35 (full 0):
 garbage-first heap   total 104448K, used 53921K [0x0000000080000000, 0x0000000100000000)
  region size 1024K, 3 young (3072K), 3 survivors (3072K)
 Metaspace       used 73259K, committed 73856K, reserved 1114112K
  class space    used 9693K, committed 9984K, reserved 1048576K
}
Event: 9.458 GC heap before
{Heap before GC invocations=36 (full 0):
 garbage-first heap   total 114688K, used 82593K [0x0000000080000000, 0x0000000100000000)
  region size 1024K, 25 young (25600K), 3 survivors (3072K)
 Metaspace       used 74708K, committed 75264K, reserved 1114112K
  class space    used 9876K, committed 10176K, reserved 1048576K
}
Event: 9.460 GC heap after
{Heap after GC invocations=37 (full 0):
 garbage-first heap   total 114688K, used 56060K [0x0000000080000000, 0x0000000100000000)
  region size 1024K, 4 young (4096K), 4 survivors (4096K)
 Metaspace       used 74708K, committed 75264K, reserved 1114112K
  class space    used 9876K, committed 10176K, reserved 1048576K
}
Event: 9.476 GC heap before
{Heap before GC invocations=37 (full 0):
 garbage-first heap   total 114688K, used 57084K [0x0000000080000000, 0x0000000100000000)
  region size 1024K, 5 young (5120K), 4 survivors (4096K)
 Metaspace       used 74808K, committed 75392K, reserved 1114112K
  class space    used 9888K, committed 10176K, reserved 1048576K
}
Event: 9.478 GC heap after
{Heap after GC invocations=38 (full 0):
 garbage-first heap   total 114688K, used 56240K [0x0000000080000000, 0x0000000100000000)
  region size 1024K, 1 young (1024K), 1 survivors (1024K)
 Metaspace       used 74808K, committed 75392K, reserved 1114112K
  class space    used 9888K, committed 10176K, reserved 1048576K
}
Event: 9.724 GC heap before
{Heap before GC invocations=38 (full 0):
 garbage-first heap   total 114688K, used 82864K [0x0000000080000000, 0x0000000100000000)
  region size 1024K, 27 young (27648K), 1 survivors (1024K)
 Metaspace       used 76962K, committed 77504K, reserved 1122304K
  class space    used 10173K, committed 10432K, reserved 1048576K
}
Event: 9.726 GC heap after
{Heap after GC invocations=39 (full 0):
 garbage-first heap   total 114688K, used 58028K [0x0000000080000000, 0x0000000100000000)
  region size 1024K, 3 young (3072K), 3 survivors (3072K)
 Metaspace       used 76962K, committed 77504K, reserved 1122304K
  class space    used 10173K, committed 10432K, reserved 1048576K
}
Event: 10.036 GC heap before
{Heap before GC invocations=40 (full 0):
 garbage-first heap   total 114688K, used 84652K [0x0000000080000000, 0x0000000100000000)
  region size 1024K, 29 young (29696K), 3 survivors (3072K)
 Metaspace       used 79081K, committed 79680K, reserved 1122304K
  class space    used 10434K, committed 10688K, reserved 1048576K
}
Event: 10.038 GC heap after
{Heap after GC invocations=41 (full 0):
 garbage-first heap   total 114688K, used 60024K [0x0000000080000000, 0x0000000100000000)
  region size 1024K, 2 young (2048K), 2 survivors (2048K)
 Metaspace       used 79081K, committed 79680K, reserved 1122304K
  class space    used 10434K, committed 10688K, reserved 1048576K
}
Event: 10.051 GC heap before
{Heap before GC invocations=41 (full 0):
 garbage-first heap   total 114688K, used 63096K [0x0000000080000000, 0x0000000100000000)
  region size 1024K, 5 young (5120K), 2 survivors (2048K)
 Metaspace       used 79081K, committed 79680K, reserved 1122304K
  class space    used 10434K, committed 10688K, reserved 1048576K
}
Event: 10.052 GC heap after
{Heap after GC invocations=42 (full 0):
 garbage-first heap   total 114688K, used 59683K [0x0000000080000000, 0x0000000100000000)
  region size 1024K, 1 young (1024K), 1 survivors (1024K)
 Metaspace       used 79081K, committed 79680K, reserved 1122304K
  class space    used 10434K, committed 10688K, reserved 1048576K
}
Event: 10.221 GC heap before
{Heap before GC invocations=42 (full 0):
 garbage-first heap   total 114688K, used 86307K [0x0000000080000000, 0x0000000100000000)
  region size 1024K, 27 young (27648K), 1 survivors (1024K)
 Metaspace       used 79854K, committed 80448K, reserved 1122304K
  class space    used 10529K, committed 10816K, reserved 1048576K
}
Event: 10.224 GC heap after
{Heap after GC invocations=43 (full 0):
 garbage-first heap   total 197632K, used 61850K [0x0000000080000000, 0x0000000100000000)
  region size 1024K, 3 young (3072K), 3 survivors (3072K)
 Metaspace       used 79854K, committed 80448K, reserved 1122304K
  class space    used 10529K, committed 10816K, reserved 1048576K
}

